*****************************
2019-07-19 01:03:54
INFORMATION
教导老师将20190001学号学生的院系信息修改为经管

*****************************
*****************************
2019-07-19 01:06:31
INFORMATION
教导老师将20190001学号学生的联系方式修改为13823901111

*****************************
*****************************
2019-07-19 01:27:07
INFORMATION
教导老师将10002教师的高数课程的学分修改为5

*****************************/n
*****************************
2019-07-19 01:32:27
INFORMATION
教导老师添加了新课程的信息：教工号为10005课程名为：Java学分为：3

*****************************/n
*****************************
2019-07-19 11:41:07
INFORMATION
10001老师修改了原名为的课程
*****************************/n
*****************************
2019-07-19 11:56:07
INFORMATION
10001老师修改了原名为的课程
*****************************/n
*****************************
2019-07-19 11:56:25
INFORMATION
10001老师修改了原名为的课程
*****************************/n
*****************************
2019-07-19 11:59:04
INFORMATION
10001老师修改了原名为的课程
*****************************/n
*****************************
2019-07-19 11:59:45
INFORMATION
10001工号的老师查看了自己的所有课程信息
*****************************/n
*****************************
2019-07-19 12:17:30
INFORMATION
10001工号的老师查看了自己的所有课程信息
*****************************/n
*****************************
2019-07-19 12:26:47
INFORMATION
10001老师修改了原名为英语的课程
*****************************/n
*****************************
2019-07-19 01:29:56
INFORMATION
10001工号的老师查看了自己的所有课程信息
*****************************/n
*****************************
2019-07-19 01:35:40
INFORMATION
10001工号的老师查看了自己的所有课程信息
*****************************/n
*****************************
2019-07-19 01:37:26
INFORMATION
20190001学号的学生的英语成绩被删除
*****************************/n
*****************************
2019-07-19 01:37:38
INFORMATION
英语课的老师查询了其课程成绩
*****************************/n
*****************************
2019-07-19 01:41:03
INFORMATION
英语课的老师查询了其课程成绩
*****************************/n
*****************************
2019-07-19 01:42:12
INFORMATION
英语课的老师查询了其课程成绩
*****************************/n
*****************************
2019-07-19 01:43:36
INFORMATION
应课的老师查询了其课程成绩
*****************************/n
*****************************
2019-07-19 01:48:51
INFORMATION
英语课的老师查询了其课程成绩
*****************************/n
*****************************
2019-07-19 01:49:01
INFORMATION
应课的老师查询了其课程成绩
*****************************/n
*****************************
2019-07-19 01:51:26
INFORMATION
英语课的老师查询了其课程成绩
*****************************/n
*****************************
2019-07-19 01:51:37
INFORMATION
应课的老师查询了其课程成绩
*****************************/n
*****************************
2019-07-19 01:59:58
INFORMATION
20190001学号的学生的英语成绩新添加进来
*****************************/n
*****************************
2019-07-19 02:02:27
INFORMATION
20190001学号的学生的英语成绩被修改
*****************************/n
*****************************
2019-07-19 02:09:48
INFORMATION
教导老师将20190020学号学生的院系信息修改为外国语

*****************************/n
*****************************
2019-07-19 02:10:09
INFORMATION
教导老师将20190020学号学生的联系方式修改为13855555555

*****************************/n
*****************************
2019-07-19 02:10:51
INFORMATION
教导老师添加了新学生的信息：学号为20190021姓名为：小晓性别为：女院系为：计算机联系方式为：13866666666初始密码为：123456

*****************************/n
*****************************
2019-07-19 02:12:04
INFORMATION
教导老师将英语课程的教师修改为10004

*****************************/n
*****************************
2019-07-19 02:12:38
INFORMATION
教导老师将10004教师教授的课程修改为大学英语

*****************************/n
*****************************
2019-07-19 02:12:56
INFORMATION
教导老师将10004教师的大学英语课程的学分修改为3

*****************************/n
*****************************
2019-07-19 02:13:23
INFORMATION
教导老师添加了新课程的信息：教工号为10001课程名为：JAVA学分为：4

*****************************/n
